<?xml version="1.0" encoding="UTF-8"?>
<!-- Generated by org.testng.reporters.JUnitXMLReporter -->
<testsuite hostname="PupsikPlansh" ignored="0" name="Test" tests="11" failures="6" timestamp="09 мар 2017 23:38:57 GMT" time="0.194" errors="0">
  <testcase name="doSomethingElseTest" time="0.015" classname="com.dobriy.test.PenTest"/>
  <testcase name="getColorTest" time="0.004" classname="com.dobriy.test.PenTest">
    <failure type="java.lang.AssertionError" message="expected [GREEN] but found [BLUE]">
      <![CDATA[java.lang.AssertionError: expected [GREEN] but found [BLUE]
	at com.dobriy.test.PenTest.getColorTest(PenTest.java:43)
... Removed 31 stack frames]]>
    </failure>
  </testcase> <!-- getColorTest -->
  <testcase name="isWorkTest" time="0.003" classname="com.dobriy.test.PenTest"/>
  <testcase name="writeTest" time="0.002" classname="com.dobriy.test.PenTest"/>
  <testcase name="writeTest" time="0.008" classname="com.dobriy.test.PenTest">
    <failure type="java.lang.StringIndexOutOfBoundsException" message="String index out of range: 20">
      <![CDATA[java.lang.StringIndexOutOfBoundsException: String index out of range: 20
	at java.lang.String.substring(String.java:1963)
	at com.dobriy.main.Pen.write(Pen.java:35)
	at com.dobriy.test.PenTest.writeTest(PenTest.java:38)
... Removed 25 stack frames]]>
    </failure>
  </testcase> <!-- writeTest -->
  <testcase name="writeTest" time="0.003" classname="com.dobriy.test.PenTest"/>
  <testcase name="writeTest" time="0.009" classname="com.dobriy.test.PenTest">
    <failure type="java.lang.AssertionError" message="expected [hello wor] but found [hello wo]">
      <![CDATA[java.lang.AssertionError: expected [hello wor] but found [hello wo]
	at com.dobriy.test.PenTest.writeTest(PenTest.java:38)
... Removed 31 stack frames]]>
    </failure>
  </testcase> <!-- writeTest -->
  <testcase name="writeTest" time="0.002" classname="com.dobriy.test.PenTest">
    <failure type="java.lang.AssertionError" message="expected [hell] but found [hellowor]">
      <![CDATA[java.lang.AssertionError: expected [hell] but found [hellowor]
	at com.dobriy.test.PenTest.writeTest(PenTest.java:38)
... Removed 31 stack frames]]>
    </failure>
  </testcase> <!-- writeTest -->
  <testcase name="writeTest" time="0.002" classname="com.dobriy.test.PenTest">
    <failure type="java.lang.AssertionError" message="expected [] but found [he]">
      <![CDATA[java.lang.AssertionError: expected [] but found [he]
	at com.dobriy.test.PenTest.writeTest(PenTest.java:38)
... Removed 31 stack frames]]>
    </failure>
  </testcase> <!-- writeTest -->
  <testcase name="writeTest" time="0.002" classname="com.dobriy.test.PenTest"/>
  <testcase name="writeTest" time="0.002" classname="com.dobriy.test.PenTest">
    <failure type="java.lang.AssertionError" message="expected [] but found [helloworld]">
      <![CDATA[java.lang.AssertionError: expected [] but found [helloworld]
	at com.dobriy.test.PenTest.writeTest(PenTest.java:38)
... Removed 31 stack frames]]>
    </failure>
  </testcase> <!-- writeTest -->
</testsuite> <!-- Test -->
